<?xml version="1.0" encoding="UTF-8"?>
<!-- Generated by org.testng.reporters.JUnitXMLReporter -->
<testsuite hostname="LAPTOP-KUKH0008" ignored="0" name="Default test" tests="2" failures="0" timestamp="24 May 2020 06:55:55 GMT" time="6.759" errors="0">
  <testcase name="createAPayment" time="2.713" classname="com.paypalpayment.testcases.PaymentTestcases"/>
  <testcase name="getPaymentDetails" time="1.52" classname="com.paypalpayment.testcases.PaymentTestcases"/>
</testsuite> <!-- Default test -->
